mode: set
github.com/SachaCR/tfb/internals/music/music.go:43.39,46.2 2 0
github.com/SachaCR/tfb/internals/music/music.go:49.26,50.11 1 0
github.com/SachaCR/tfb/internals/music/music.go:50.11,52.3 1 0
github.com/SachaCR/tfb/internals/music/music.go:54.2,54.21 1 0
github.com/SachaCR/tfb/internals/music/music.go:58.27,60.2 1 0
github.com/SachaCR/tfb/internals/music/music.go:63.31,78.2 1 1
github.com/SachaCR/tfb/internals/music/scale.go:15.45,18.40 2 1
github.com/SachaCR/tfb/internals/music/scale.go:18.40,19.24 1 1
github.com/SachaCR/tfb/internals/music/scale.go:19.24,21.4 1 1
github.com/SachaCR/tfb/internals/music/scale.go:24.2,24.18 1 1
github.com/SachaCR/tfb/internals/music/scale.go:27.56,30.47 2 1
github.com/SachaCR/tfb/internals/music/scale.go:30.47,31.69 1 1
github.com/SachaCR/tfb/internals/music/scale.go:31.69,33.4 1 1
github.com/SachaCR/tfb/internals/music/scale.go:36.2,36.22 1 1
github.com/SachaCR/tfb/internals/music/scale.go:39.32,41.2 1 1
github.com/SachaCR/tfb/internals/music/scale.go:43.91,45.21 1 1
github.com/SachaCR/tfb/internals/music/scale.go:45.21,47.3 1 1
github.com/SachaCR/tfb/internals/music/scale.go:49.2,54.8 1 1
github.com/SachaCR/tfb/internals/music/scale.go:57.71,62.37 4 1
github.com/SachaCR/tfb/internals/music/scale.go:62.37,65.10 2 1
github.com/SachaCR/tfb/internals/music/scale.go:65.10,67.4 1 0
github.com/SachaCR/tfb/internals/music/scale.go:69.3,69.43 1 1
github.com/SachaCR/tfb/internals/music/scale.go:69.43,71.4 1 1
github.com/SachaCR/tfb/internals/music/scale.go:73.3,73.38 1 1
github.com/SachaCR/tfb/internals/music/scale.go:76.2,80.16 3 1
github.com/SachaCR/tfb/internals/music/scale.go:80.16,82.3 1 0
github.com/SachaCR/tfb/internals/music/scale.go:84.2,84.19 1 1
github.com/SachaCR/tfb/internals/neck/neck.go:13.46,15.2 1 0
github.com/SachaCR/tfb/internals/neck/neck.go:17.39,19.2 1 0
github.com/SachaCR/tfb/internals/neck/neck.go:21.47,23.2 1 0
github.com/SachaCR/tfb/internals/neck/neck.go:25.40,28.42 2 0
github.com/SachaCR/tfb/internals/neck/neck.go:28.42,30.3 1 0
github.com/SachaCR/tfb/internals/neck/neck.go:32.2,32.15 1 0
github.com/SachaCR/tfb/internals/neck/neck.go:35.36,37.2 1 0
github.com/SachaCR/tfb/internals/neck/neck.go:39.24,55.2 9 0
github.com/SachaCR/tfb/cmd/chord.go:13.13,16.2 2 0
github.com/SachaCR/tfb/cmd/chord.go:23.47,30.17 4 0
github.com/SachaCR/tfb/cmd/chord.go:30.17,31.22 1 0
github.com/SachaCR/tfb/cmd/chord.go:34.3,34.29 1 0
github.com/SachaCR/tfb/cmd/scale.go:16.13,21.2 4 0
github.com/SachaCR/tfb/cmd/scale.go:28.47,34.17 3 0
github.com/SachaCR/tfb/cmd/scale.go:34.17,35.32 1 0
github.com/SachaCR/tfb/cmd/scale.go:38.3,40.22 2 0
github.com/SachaCR/tfb/cmd/scale.go:40.22,42.4 1 0
github.com/SachaCR/tfb/cmd/scale.go:44.3,44.15 1 0
github.com/SachaCR/tfb/cmd/scale.go:44.15,46.4 1 0
github.com/SachaCR/tfb/cmd/scale.go:48.3,48.15 1 0
github.com/SachaCR/tfb/cmd/scale.go:48.15,50.4 1 0
github.com/SachaCR/tfb/cmd/scale.go:52.3,56.92 3 0
github.com/SachaCR/tfb/cmd/tfb.go:13.47,15.3 1 0
github.com/SachaCR/tfb/cmd/tfb.go:18.13,21.2 2 0
github.com/SachaCR/tfb/cmd/tfb.go:23.16,24.42 1 0
github.com/SachaCR/tfb/cmd/tfb.go:24.42,27.3 2 0
github.com/SachaCR/tfb/internals/frets/fretString.go:11.68,18.2 3 0
github.com/SachaCR/tfb/internals/frets/fretString.go:20.50,22.2 1 0
github.com/SachaCR/tfb/internals/frets/fretString.go:24.58,28.2 1 0
github.com/SachaCR/tfb/main.go:7.13,9.2 1 0
github.com/SachaCR/tfb/internals/render/renderChord.go:10.95,14.44 2 0
github.com/SachaCR/tfb/internals/render/renderChord.go:14.44,16.3 1 0
github.com/SachaCR/tfb/internals/render/renderChord.go:18.2,22.17 3 0
github.com/SachaCR/tfb/internals/render/renderChord.go:22.17,24.3 1 0
github.com/SachaCR/tfb/internals/render/renderChord.go:26.2,29.45 2 0
github.com/SachaCR/tfb/internals/render/renderChord.go:29.45,35.30 4 0
github.com/SachaCR/tfb/internals/render/renderChord.go:35.30,37.4 1 0
github.com/SachaCR/tfb/internals/render/renderChord.go:39.3,39.13 1 0
github.com/SachaCR/tfb/internals/render/renderChord.go:39.13,41.4 1 0
github.com/SachaCR/tfb/internals/render/renderChord.go:43.3,43.133 1 0
github.com/SachaCR/tfb/internals/render/renderChord.go:46.2,46.21 1 0
github.com/SachaCR/tfb/internals/render/renderChord.go:46.21,48.3 1 0
github.com/SachaCR/tfb/internals/render/renderChord.go:50.2,50.26 1 0
github.com/SachaCR/tfb/internals/render/renderFretString.go:10.152,12.16 1 0
github.com/SachaCR/tfb/internals/render/renderFretString.go:12.16,14.3 1 0
github.com/SachaCR/tfb/internals/render/renderFretString.go:16.2,23.14 5 0
github.com/SachaCR/tfb/internals/render/renderFretString.go:24.11,25.78 1 0
github.com/SachaCR/tfb/internals/render/renderFretString.go:26.11,27.91 1 0
github.com/SachaCR/tfb/internals/render/renderFretString.go:28.10,29.73 1 0
github.com/SachaCR/tfb/internals/render/renderFretString.go:32.2,32.30 1 0
github.com/SachaCR/tfb/internals/render/renderFretString.go:32.30,34.33 1 0
github.com/SachaCR/tfb/internals/render/renderFretString.go:34.33,36.12 2 0
github.com/SachaCR/tfb/internals/render/renderFretString.go:39.3,41.17 2 0
github.com/SachaCR/tfb/internals/render/renderFretString.go:41.17,43.12 2 0
github.com/SachaCR/tfb/internals/render/renderFretString.go:46.3,46.21 1 0
github.com/SachaCR/tfb/internals/render/renderFretString.go:46.21,48.12 2 0
github.com/SachaCR/tfb/internals/render/renderFretString.go:51.3,51.71 1 0
github.com/SachaCR/tfb/internals/render/renderFretString.go:54.2,54.21 1 0
github.com/SachaCR/tfb/internals/render/renderFretString.go:57.51,62.29 4 0
github.com/SachaCR/tfb/internals/render/renderFretString.go:62.29,65.17 2 0
github.com/SachaCR/tfb/internals/render/renderFretString.go:65.17,66.12 1 0
github.com/SachaCR/tfb/internals/render/renderFretString.go:69.3,69.31 1 0
github.com/SachaCR/tfb/internals/render/renderFretString.go:69.31,71.4 1 0
github.com/SachaCR/tfb/internals/render/renderFretString.go:73.3,73.18 1 0
github.com/SachaCR/tfb/internals/render/renderFretString.go:73.18,75.4 1 0
github.com/SachaCR/tfb/internals/render/renderFretString.go:78.2,78.38 1 0
github.com/SachaCR/tfb/internals/render/renderFretString.go:78.38,80.3 1 0
github.com/SachaCR/tfb/internals/render/renderFretString.go:82.2,82.16 1 0
github.com/SachaCR/tfb/internals/render/renderFretString.go:82.16,85.3 2 0
github.com/SachaCR/tfb/internals/render/renderFretString.go:87.2,87.17 1 0
github.com/SachaCR/tfb/internals/render/renderFretString.go:90.94,91.11 1 0
github.com/SachaCR/tfb/internals/render/renderFretString.go:91.11,92.25 1 0
github.com/SachaCR/tfb/internals/render/renderFretString.go:93.12,94.35 1 0
github.com/SachaCR/tfb/internals/render/renderFretString.go:95.15,96.38 1 0
github.com/SachaCR/tfb/internals/render/renderFretString.go:97.11,98.38 1 0
github.com/SachaCR/tfb/internals/render/renderFretString.go:102.2,102.24 1 0
github.com/SachaCR/tfb/internals/render/renderFretString.go:103.11,104.29 1 0
github.com/SachaCR/tfb/internals/render/renderFretString.go:105.14,106.32 1 0
github.com/SachaCR/tfb/internals/render/renderFretString.go:107.10,108.26 1 0
github.com/SachaCR/tfb/internals/render/renderFretString.go:112.32,114.2 1 0
github.com/SachaCR/tfb/internals/render/renderFretString.go:116.90,119.2 2 0
github.com/SachaCR/tfb/internals/render/renderFretString.go:121.102,124.12 2 0
github.com/SachaCR/tfb/internals/render/renderFretString.go:124.12,126.3 1 0
github.com/SachaCR/tfb/internals/render/renderFretString.go:126.8,128.3 1 0
github.com/SachaCR/tfb/internals/render/renderFretString.go:131.85,134.2 2 0
github.com/SachaCR/tfb/internals/render/renderFretString.go:136.78,139.2 2 0
github.com/SachaCR/tfb/internals/render/renderFretString.go:141.123,145.39 3 0
github.com/SachaCR/tfb/internals/render/renderFretString.go:145.39,147.3 1 0
github.com/SachaCR/tfb/internals/render/renderFretString.go:149.2,149.33 1 0
github.com/SachaCR/tfb/internals/render/renderFretString.go:149.33,151.3 1 0
github.com/SachaCR/tfb/internals/render/renderFretString.go:153.2,153.36 1 0
github.com/SachaCR/tfb/internals/render/renderFretString.go:153.36,155.3 1 0
github.com/SachaCR/tfb/internals/render/renderFretString.go:157.2,157.74 1 0
github.com/SachaCR/tfb/internals/render/renderFretString.go:160.143,164.43 3 0
github.com/SachaCR/tfb/internals/render/renderFretString.go:164.43,166.3 1 0
github.com/SachaCR/tfb/internals/render/renderFretString.go:168.2,168.74 1 0
github.com/SachaCR/tfb/internals/render/renderScale.go:8.92,9.16 1 0
github.com/SachaCR/tfb/internals/render/renderScale.go:9.16,11.3 1 0
github.com/SachaCR/tfb/internals/render/renderScale.go:13.2,18.41 3 0
github.com/SachaCR/tfb/internals/render/renderScale.go:18.41,26.26 5 0
github.com/SachaCR/tfb/internals/render/renderScale.go:26.26,28.4 1 0
github.com/SachaCR/tfb/internals/render/renderScale.go:30.3,30.13 1 0
github.com/SachaCR/tfb/internals/render/renderScale.go:30.13,32.4 1 0
github.com/SachaCR/tfb/internals/render/renderScale.go:34.3,36.31 2 0
github.com/SachaCR/tfb/internals/render/renderScale.go:36.31,39.39 2 0
github.com/SachaCR/tfb/internals/render/renderScale.go:39.39,41.23 1 0
github.com/SachaCR/tfb/internals/render/renderScale.go:41.23,43.14 2 0
github.com/SachaCR/tfb/internals/render/renderScale.go:46.5,47.13 2 0
github.com/SachaCR/tfb/internals/render/renderScale.go:50.4,50.84 1 0
github.com/SachaCR/tfb/internals/render/renderScale.go:53.3,53.37 1 0
github.com/SachaCR/tfb/internals/render/renderScale.go:56.2,56.21 1 0
github.com/SachaCR/tfb/internals/render/stringPosition.go:11.41,17.2 1 0
